<?xml version="1.0" encoding="UTF-8"?>
<!-- Generated by org.testng.reporters.JUnitReportReporter -->
<testsuite skipped="2" hostname="Ramya" name="simpletest.SimpleTest" tests="3" failures="0" timestamp="07 Feb 2019 09:45:25 GMT" time="0.016" errors="1">
  <testcase name="beforeClass" time="0.000" classname="simpletest.SimpleTest">
    <error type="org.testng.TestNGException" message="
Parameter &#039;parameter&#039; is required by BeforeClass on method beforeClass but has not been marked @Optional or defined
in C:\Users\Chiranth\AppData\Local\Temp\testng-eclipse--673225791\testng-customsuite.xml">
      <![CDATA[org.testng.TestNGException: 
Parameter 'parameter' is required by BeforeClass on method beforeClass but has not been marked @Optional or defined
in C:\Users\Chiranth\AppData\Local\Temp\testng-eclipse--673225791\testng-customsuite.xml
	at org.testng.internal.Parameters.createParameters(Parameters.java:199)
	at org.testng.internal.Parameters.createParameters(Parameters.java:443)
	at org.testng.internal.Parameters.createConfigurationParameters(Parameters.java:118)
	at org.testng.internal.Invoker.invokeConfigurations(Invoker.java:206)
	at org.testng.internal.Invoker.invokeConfigurations(Invoker.java:146)
	at org.testng.internal.TestMethodWorker.invokeBeforeClassMethods(TestMethodWorker.java:166)
	at org.testng.internal.TestMethodWorker.run(TestMethodWorker.java:105)
	at org.testng.TestRunner.privateRun(TestRunner.java:744)
	at org.testng.TestRunner.run(TestRunner.java:602)
	at org.testng.SuiteRunner.runTest(SuiteRunner.java:380)
	at org.testng.SuiteRunner.runSequentially(SuiteRunner.java:375)
	at org.testng.SuiteRunner.privateRun(SuiteRunner.java:340)
	at org.testng.SuiteRunner.run(SuiteRunner.java:289)
	at org.testng.SuiteRunnerWorker.runSuite(SuiteRunnerWorker.java:52)
	at org.testng.SuiteRunnerWorker.run(SuiteRunnerWorker.java:86)
	at org.testng.TestNG.runSuitesSequentially(TestNG.java:1301)
	at org.testng.TestNG.runSuitesLocally(TestNG.java:1226)
	at org.testng.TestNG.runSuites(TestNG.java:1144)
	at org.testng.TestNG.run(TestNG.java:1115)
	at org.testng.remote.AbstractRemoteTestNG.run(AbstractRemoteTestNG.java:114)
	at org.testng.remote.RemoteTestNG.initAndRun(RemoteTestNG.java:251)
	at org.testng.remote.RemoteTestNG.main(RemoteTestNG.java:77)
]]>
    </error>
  </testcase> <!-- beforeClass -->
  <testcase name="testMethod" time="0.016" classname="simpletest.SimpleTest">
    <skipped/>
  </testcase> <!-- testMethod -->
  <testcase name="testMethod" time="0.000" classname="simpletest.SimpleTest">
    <skipped/>
  </testcase> <!-- testMethod -->
</testsuite> <!-- simpletest.SimpleTest -->
